#
# A fatal error has been detected by the Java Runtime Environment:
#
#  SIGBUS (0xa) at pc=0x000000010d937eb9, pid=1702, tid=3335
#
# JRE version: Java(TM) SE Runtime Environment (8.0_60-b27) (build 1.8.0_60-b27)
# Java VM: Java HotSpot(TM) 64-Bit Server VM (25.60-b23 mixed mode bsd-amd64 compressed oops)
# Problematic frame:
# C  [libzip.dylib+0x2eb9]  newEntry+0x154
#
# Failed to write core dump. Core dumps have been disabled. To enable core dumping, try "ulimit -c unlimited" before starting Java again
#
# If you would like to submit a bug report, please visit:
#   http://bugreport.java.com/bugreport/crash.jsp
# The crash happened outside the Java Virtual Machine in native code.
# See problematic frame for where to report the bug.
#

---------------  T H R E A D  ---------------

Current thread (0x00007fbda2810000):  JavaThread "main" [_thread_in_native, id=3335, stack(0x000070000011a000,0x000070000021a000)]

siginfo: si_signo: 10 (SIGBUS), si_code: 2 (BUS_ADRERR), si_addr: 0x00000001263622a4

Registers:
RAX=0x00007fbda252d310, RBX=0x0000000126362298, RCX=0x0000000000000500, RDX=0x0000000000000000
RSP=0x0000700000218330, RBP=0x0000700000218390, RSI=0x00007fbda2700000, RDI=0x000000010d655400
R8 =0x0000000000000004, R9 =0x00000000f8000000, R10=0x000000000000000d, R11=0x00007fbda2700000
R12=0x00007fbda407f800, R13=0x0000000000000300, R14=0x000000008257e530, R15=0x0000000000000000
RIP=0x000000010d937eb9, EFLAGS=0x0000000000010202, ERR=0x0000000000000004
  TRAPNO=0x000000000000000e

Top of Stack: (sp=0x0000700000218330)
0x0000700000218330:   0000001b00000000 0000000000810000
0x0000700000218340:   000070000021838e 00007000002187d8
0x0000700000218350:   0000700000218370 00007fbda252d310
0x0000700000218360:   00007fbda2751f60 00007fbda252d310
0x0000700000218370:   00007fbda407f800 0000000000000300
0x0000700000218380:   000000008257e530 0000000000000000
0x0000700000218390:   00007000002183f0 000000010d938554
0x00007000002183a0:   000070000021842a 0000700000218429
0x00007000002183b0:   0000001a00000000 0000001b01810000
0x00007000002183c0:   000070000021840e 0000700000218858
0x00007000002183d0:   000000000000001b 000070000021840e
0x00007000002183e0:   00007fbda252d310 00007fbda28101f8
0x00007000002183f0:   0000700000218840 000000010d93734f
0x0000700000218400:   00007fbda2810000 6572000100000001
0x0000700000218410:   2f73656372756f73 6464755061676947
0x0000700000218420:   6e702e6461735f69 0000700000210067
0x0000700000218430:   0000700000219570 00000001233f7cd0
0x0000700000218440:   00007fbda2810000 00000001233f7cd0
0x0000700000218450:   00007fbda2810000 000000010f3d7290
0x0000700000218460:   00000001233f7cd0 00000001233f7cd0
0x0000700000218470:   00000001233f7cd0 00000001233f7cd0
0x0000700000218480:   00007fbda2810000 000000012bab3a90
0x0000700000218490:   00000001233f7cd0 000000010f3d7290
0x00007000002184a0:   00000001233f7cd0 00000001233f7cd0
0x00007000002184b0:   00007fbda250b520 0000000000006200
0x00007000002184c0:   00007fbda2810000 00007000002185d0
0x00007000002184d0:   0000700000218550 000000010e2a1390
0x00007000002184e0:   00007fbda2810000 000000010e7395a3
0x00007000002184f0:   00000004ffffffff 00000001233f7cd0
0x0000700000218500:   00007fbda2810000 00000001233f7cd0
0x0000700000218510:   00007fbda2810000 00000001233f7cd0
0x0000700000218520:   00000001233f7cd0 0000000000000004 

Instructions: (pc=0x000000010d937eb9)
0x000000010d937e99:   49 8b 7f 38 e8 50 1b 00 00 4d 89 77 38 49 89 5f
0x000000010d937ea9:   40 4c 89 f0 48 85 c0 0f 84 11 05 00 00 48 89 c3
0x000000010d937eb9:   0f b6 43 0c 0f b6 4b 0d 48 c1 e1 08 48 01 c1 0f
0x000000010d937ec9:   b6 43 0e 0f b6 53 0f 48 c1 e2 08 48 01 c2 48 c1 

Register to memory mapping:

RAX=0x00007fbda252d310 is an unknown value
RBX=0x0000000126362298 is an unknown value
RCX=0x0000000000000500 is an unknown value
RDX=0x0000000000000000 is an unknown value
RSP=0x0000700000218330 is pointing into the stack for thread: 0x00007fbda2810000
RBP=0x0000700000218390 is pointing into the stack for thread: 0x00007fbda2810000
RSI=0x00007fbda2700000 is an unknown value
RDI=0x000000010d655400 is an unknown value
R8 =0x0000000000000004 is an unknown value
R9 =0x00000000f8000000 is an unknown value
R10=0x000000000000000d is an unknown value
R11=0x00007fbda2700000 is an unknown value
R12=0x00007fbda407f800 is an unknown value
R13=0x0000000000000300 is an unknown value
R14=0x000000008257e530 is an unknown value
R15=0x0000000000000000 is an unknown value


Stack: [0x000070000011a000,0x000070000021a000],  sp=0x0000700000218330,  free space=1016k
Native frames: (J=compiled Java code, j=interpreted, Vv=VM code, C=native code)
C  [libzip.dylib+0x2eb9]  newEntry+0x154
C  [libzip.dylib+0x3554]  ZIP_GetEntry2+0xd4
C  [libzip.dylib+0x234f]  Java_java_util_zip_ZipFile_getEntry+0xcf
J 1106  java.util.zip.ZipFile.getEntry(J[BZ)J (0 bytes) @ 0x000000010f52d00e [0x000000010f52cf40+0xce]
J 1166 C1 java.util.zip.ZipFile.getEntry(Ljava/lang/String;)Ljava/util/zip/ZipEntry; (86 bytes) @ 0x000000010f55328c [0x000000010f553020+0x26c]
J 1165 C1 java.util.jar.JarFile.getEntry(Ljava/lang/String;)Ljava/util/zip/ZipEntry; (22 bytes) @ 0x000000010f552a24 [0x000000010f5529a0+0x84]
J 1487 C2 sun.misc.URLClassPath$JarLoader.getResource(Ljava/lang/String;Z)Lsun/misc/Resource; (85 bytes) @ 0x000000010f67c130 [0x000000010f67c000+0x130]
J 1578 C2 sun.misc.URLClassPath$JarLoader.findResource(Ljava/lang/String;Z)Ljava/net/URL; (18 bytes) @ 0x000000010f294fd4 [0x000000010f294fa0+0x34]
J 1377 C1 sun.misc.URLClassPath.findResource(Ljava/lang/String;Z)Ljava/net/URL; (47 bytes) @ 0x000000010f5fe65c [0x000000010f5fe500+0x15c]
J 1381 C1 java.net.URLClassLoader$2.run()Ljava/lang/Object; (5 bytes) @ 0x000000010f600814 [0x000000010f600700+0x114]
v  ~StubRoutines::call_stub
V  [libjvm.dylib+0x2eab0e]  JavaCalls::call_helper(JavaValue*, methodHandle*, JavaCallArguments*, Thread*)+0x6ae
V  [libjvm.dylib+0x34afd8]  JVM_DoPrivileged+0x4b8
J 837  java.security.AccessController.doPrivileged(Ljava/security/PrivilegedAction;Ljava/security/AccessControlContext;)Ljava/lang/Object; (0 bytes) @ 0x000000010f481dd5 [0x000000010f481d00+0xd5]
J 1311 C1 java.net.URLClassLoader.findResource(Ljava/lang/String;)Ljava/net/URL; (37 bytes) @ 0x000000010f5c4a94 [0x000000010f5c4900+0x194]
J 1304 C1 java.lang.ClassLoader.getResource(Ljava/lang/String;)Ljava/net/URL; (36 bytes) @ 0x000000010f5beae4 [0x000000010f5be620+0x4c4]
J 1489 C1 org.academiadecodigo.simplegraphics.pictures.Picture.load(Ljava/lang/String;)V (163 bytes) @ 0x000000010f6823dc [0x000000010f680fa0+0x143c]
J 1686 C2 org.academiadecodigo.puddipuddi.CollisionDetector.checkCollision(Lorg/academiadecodigo/puddipuddi/chars/Character;)V (59 bytes) @ 0x000000010f71906c [0x000000010f718c40+0x42c]
J 1060 C1 org.academiadecodigo.puddipuddi.chars.SpoonRed.move()V (49 bytes) @ 0x000000010f50c1d4 [0x000000010f50bf80+0x254]
j  org.academiadecodigo.puddipuddi.Game.start()V+16
j  org.academiadecodigo.puddipuddi.Main.main([Ljava/lang/String;)V+21
v  ~StubRoutines::call_stub
V  [libjvm.dylib+0x2eab0e]  JavaCalls::call_helper(JavaValue*, methodHandle*, JavaCallArguments*, Thread*)+0x6ae
V  [libjvm.dylib+0x321820]  jni_invoke_static(JNIEnv_*, JavaValue*, _jobject*, JNICallType, _jmethodID*, JNI_ArgumentPusher*, Thread*)+0x1bf
V  [libjvm.dylib+0x31a59a]  jni_CallStaticVoidMethod+0x15d
C  [java+0x393e]  JavaMain+0x9b1
C  [libsystem_pthread.dylib+0x3c13]  _pthread_body+0x83
C  [libsystem_pthread.dylib+0x3b90]  _pthread_body+0x0
C  [libsystem_pthread.dylib+0x1375]  thread_start+0xd
C  0x0000000000000000

Java frames: (J=compiled Java code, j=interpreted, Vv=VM code)
J 1106  java.util.zip.ZipFile.getEntry(J[BZ)J (0 bytes) @ 0x000000010f52cf98 [0x000000010f52cf40+0x58]
J 1166 C1 java.util.zip.ZipFile.getEntry(Ljava/lang/String;)Ljava/util/zip/ZipEntry; (86 bytes) @ 0x000000010f55328c [0x000000010f553020+0x26c]
J 1165 C1 java.util.jar.JarFile.getEntry(Ljava/lang/String;)Ljava/util/zip/ZipEntry; (22 bytes) @ 0x000000010f552a24 [0x000000010f5529a0+0x84]
J 1487 C2 sun.misc.URLClassPath$JarLoader.getResource(Ljava/lang/String;Z)Lsun/misc/Resource; (85 bytes) @ 0x000000010f67c130 [0x000000010f67c000+0x130]
J 1578 C2 sun.misc.URLClassPath$JarLoader.findResource(Ljava/lang/String;Z)Ljava/net/URL; (18 bytes) @ 0x000000010f294fd4 [0x000000010f294fa0+0x34]
J 1377 C1 sun.misc.URLClassPath.findResource(Ljava/lang/String;Z)Ljava/net/URL; (47 bytes) @ 0x000000010f5fe65c [0x000000010f5fe500+0x15c]
J 1381 C1 java.net.URLClassLoader$2.run()Ljava/lang/Object; (5 bytes) @ 0x000000010f600814 [0x000000010f600700+0x114]
v  ~StubRoutines::call_stub
J 837  java.security.AccessController.doPrivileged(Ljava/security/PrivilegedAction;Ljava/security/AccessControlContext;)Ljava/lang/Object; (0 bytes) @ 0x000000010f481d63 [0x000000010f481d00+0x63]
J 1311 C1 java.net.URLClassLoader.findResource(Ljava/lang/String;)Ljava/net/URL; (37 bytes) @ 0x000000010f5c4a94 [0x000000010f5c4900+0x194]
J 1304 C1 java.lang.ClassLoader.getResource(Ljava/lang/String;)Ljava/net/URL; (36 bytes) @ 0x000000010f5beae4 [0x000000010f5be620+0x4c4]
J 1489 C1 org.academiadecodigo.simplegraphics.pictures.Picture.load(Ljava/lang/String;)V (163 bytes) @ 0x000000010f6823dc [0x000000010f680fa0+0x143c]
J 1686 C2 org.academiadecodigo.puddipuddi.CollisionDetector.checkCollision(Lorg/academiadecodigo/puddipuddi/chars/Character;)V (59 bytes) @ 0x000000010f71906c [0x000000010f718c40+0x42c]
J 1060 C1 org.academiadecodigo.puddipuddi.chars.SpoonRed.move()V (49 bytes) @ 0x000000010f50c1d4 [0x000000010f50bf80+0x254]
j  org.academiadecodigo.puddipuddi.Game.start()V+16
j  org.academiadecodigo.puddipuddi.Main.main([Ljava/lang/String;)V+21
v  ~StubRoutines::call_stub

---------------  P R O C E S S  ---------------

Java Threads: ( => current thread )
  0x00007fbda42c9000 JavaThread "AWT-EventQueue-0" [_thread_blocked, id=55555, stack(0x000070000155f000,0x000070000165f000)]
  0x00007fbda3005000 JavaThread "Java2D Disposer" daemon [_thread_blocked, id=49931, stack(0x00007000013d9000,0x00007000014d9000)]
  0x00007fbda4220000 JavaThread "Java2D Queue Flusher" daemon [_thread_blocked, id=49671, stack(0x00007000012d6000,0x00007000013d6000)]
  0x00007fbda4161800 JavaThread "AWT-Shutdown" [_thread_blocked, id=28947, stack(0x00007000010cd000,0x00007000011cd000)]
  0x00007fbda4142000 JavaThread "AppKit Thread" daemon [_thread_in_native, id=8971, stack(0x00007fff51dca000,0x00007fff525ca000)]
  0x00007fbda4073800 JavaThread "Service Thread" daemon [_thread_blocked, id=18947, stack(0x0000700000ec7000,0x0000700000fc7000)]
  0x00007fbda2824800 JavaThread "C1 CompilerThread2" daemon [_thread_blocked, id=18435, stack(0x0000700000dc4000,0x0000700000ec4000)]
  0x00007fbda402c000 JavaThread "C2 CompilerThread1" daemon [_thread_blocked, id=17923, stack(0x0000700000cc1000,0x0000700000dc1000)]
  0x00007fbda4072000 JavaThread "C2 CompilerThread0" daemon [_thread_blocked, id=17411, stack(0x0000700000bbe000,0x0000700000cbe000)]
  0x00007fbda4032800 JavaThread "Signal Dispatcher" daemon [_thread_blocked, id=16663, stack(0x0000700000abb000,0x0000700000bbb000)]
  0x00007fbda4059800 JavaThread "Finalizer" daemon [_thread_blocked, id=12291, stack(0x000070000082f000,0x000070000092f000)]
  0x00007fbda4059000 JavaThread "Reference Handler" daemon [_thread_blocked, id=11779, stack(0x000070000072c000,0x000070000082c000)]
=>0x00007fbda2810000 JavaThread "main" [_thread_in_native, id=3335, stack(0x000070000011a000,0x000070000021a000)]

Other Threads:
  0x00007fbda4056800 VMThread [stack: 0x0000700000629000,0x0000700000729000] [id=11267]
  0x00007fbda2831000 WatcherThread [stack: 0x0000700000fca000,0x00007000010ca000] [id=19459]

VM state:not at safepoint (normal execution)

VM Mutex/Monitor currently owned by a thread: None

Heap:
 PSYoungGen      total 38400K, used 30200K [0x0000000795580000, 0x0000000798000000, 0x00000007c0000000)
  eden space 33280K, 75% used [0x0000000795580000,0x0000000796e01bc8,0x0000000797600000)
  from space 5120K, 99% used [0x0000000797b00000,0x0000000797ffc6f0,0x0000000798000000)
  to   space 5120K, 0% used [0x0000000797600000,0x0000000797600000,0x0000000797b00000)
 ParOldGen       total 87552K, used 8830K [0x0000000740000000, 0x0000000745580000, 0x0000000795580000)
  object space 87552K, 10% used [0x0000000740000000,0x000000074089f860,0x0000000745580000)
 Metaspace       used 11367K, capacity 11632K, committed 11904K, reserved 1060864K
  class space    used 1291K, capacity 1379K, committed 1408K, reserved 1048576K

Card table byte_map: [0x000000011e549000,0x000000011e94a000] byte_map_base: 0x000000011ab49000

Marking Bits: (ParMarkBitMap*) 0x000000010eadee20
 Begin Bits: [0x000000011ebf5000, 0x0000000120bf5000)
 End Bits:   [0x0000000120bf5000, 0x0000000122bf5000)

Polling page: 0x000000010d92b000

CodeCache: size=245760Kb used=5822Kb max_used=5822Kb free=239937Kb
 bounds [0x000000010f189000, 0x000000010f749000, 0x000000011e189000]
 total_blobs=2207 nmethods=1703 adapters=417
 compilation: enabled

Compilation events (10 events):
Event: 79.516 Thread 0x00007fbda2824800 1720       3       sun.security.provider.DigestBase::engineDigest (112 bytes)
Event: 79.517 Thread 0x00007fbda2824800 nmethod 1720 0x000000010f73aad0 code [0x000000010f73ad40, 0x000000010f73bd38]
Event: 79.517 Thread 0x00007fbda2824800 1721       3       sun.security.provider.SHA::implDigest (96 bytes)
Event: 79.517 Thread 0x00007fbda2824800 nmethod 1721 0x000000010f7389d0 code [0x000000010f738b80, 0x000000010f738fc8]
Event: 80.629 Thread 0x00007fbda2824800 1722       3       java.util.IdentityHashMap::keySet (26 bytes)
Event: 80.629 Thread 0x00007fbda2824800 nmethod 1722 0x000000010f738210 code [0x000000010f7383a0, 0x000000010f7387b0]
Event: 80.669 Thread 0x00007fbda2824800 1723       3       java.lang.Math::round (70 bytes)
Event: 80.670 Thread 0x00007fbda2824800 nmethod 1723 0x000000010f736010 code [0x000000010f736180, 0x000000010f7363f0]
Event: 80.670 Thread 0x00007fbda2824800 1724       3       org.academiadecodigo.simplegraphics.graphics.Canvas$CanvasComponent::getPreferredSize (136 bytes)
Event: 80.670 Thread 0x00007fbda4072000 1725       4       org.academiadecodigo.simplegraphics.pictures.Picture::getHeight (33 bytes)

GC Heap History (4 events):
Event: 36.397 GC heap before
{Heap before GC invocations=1 (full 0):
 PSYoungGen      total 38400K, used 33280K [0x0000000795580000, 0x0000000798000000, 0x00000007c0000000)
  eden space 33280K, 100% used [0x0000000795580000,0x0000000797600000,0x0000000797600000)
  from space 5120K, 0% used [0x0000000797b00000,0x0000000797b00000,0x0000000798000000)
  to   space 5120K, 0% used [0x0000000797600000,0x0000000797600000,0x0000000797b00000)
 ParOldGen       total 87552K, used 0K [0x0000000740000000, 0x0000000745580000, 0x0000000795580000)
  object space 87552K, 0% used [0x0000000740000000,0x0000000740000000,0x0000000745580000)
 Metaspace       used 10929K, capacity 11152K, committed 11392K, reserved 1058816K
  class space    used 1289K, capacity 1347K, committed 1408K, reserved 1048576K
Event: 36.405 GC heap after
Heap after GC invocations=1 (full 0):
 PSYoungGen      total 38400K, used 5105K [0x0000000795580000, 0x0000000798000000, 0x00000007c0000000)
  eden space 33280K, 0% used [0x0000000795580000,0x0000000795580000,0x0000000797600000)
  from space 5120K, 99% used [0x0000000797600000,0x0000000797afc6d0,0x0000000797b00000)
  to   space 5120K, 0% used [0x0000000797b00000,0x0000000797b00000,0x0000000798000000)
 ParOldGen       total 87552K, used 6299K [0x0000000740000000, 0x0000000745580000, 0x0000000795580000)
  object space 87552K, 7% used [0x0000000740000000,0x0000000740626f30,0x0000000745580000)
 Metaspace       used 10929K, capacity 11152K, committed 11392K, reserved 1058816K
  class space    used 1289K, capacity 1347K, committed 1408K, reserved 1048576K
}
Event: 61.654 GC heap before
{Heap before GC invocations=2 (full 0):
 PSYoungGen      total 38400K, used 38385K [0x0000000795580000, 0x0000000798000000, 0x00000007c0000000)
  eden space 33280K, 100% used [0x0000000795580000,0x0000000797600000,0x0000000797600000)
  from space 5120K, 99% used [0x0000000797600000,0x0000000797afc6d0,0x0000000797b00000)
  to   space 5120K, 0% used [0x0000000797b00000,0x0000000797b00000,0x0000000798000000)
 ParOldGen       total 87552K, used 6299K [0x0000000740000000, 0x0000000745580000, 0x0000000795580000)
  object space 87552K, 7% used [0x0000000740000000,0x0000000740626f30,0x0000000745580000)
 Metaspace       used 11348K, capacity 11536K, committed 11648K, reserved 1058816K
  class space    used 1289K, capacity 1347K, committed 1408K, reserved 1048576K
Event: 61.662 GC heap after
Heap after GC invocations=2 (full 0):
 PSYoungGen      total 38400K, used 5105K [0x0000000795580000, 0x0000000798000000, 0x00000007c0000000)
  eden space 33280K, 0% used [0x0000000795580000,0x0000000795580000,0x0000000797600000)
  from space 5120K, 99% used [0x0000000797b00000,0x0000000797ffc6f0,0x0000000798000000)
  to   space 5120K, 0% used [0x0000000797600000,0x0000000797600000,0x0000000797b00000)
 ParOldGen       total 87552K, used 8830K [0x0000000740000000, 0x0000000745580000, 0x0000000795580000)
  object space 87552K, 10% used [0x0000000740000000,0x000000074089f860,0x0000000745580000)
 Metaspace       used 11348K, capacity 11536K, committed 11648K, reserved 1058816K
  class space    used 1289K, capacity 1347K, committed 1408K, reserved 1048576K
}

Deoptimization events (10 events):
Event: 18.789 Thread 0x00007fbda2810000 Uncommon trap: reason=unstable_if action=reinterpret pc=0x000000010f5121b0 method=org.academiadecodigo.puddipuddi.chars.Representation.equals(Lorg/academiadecodigo/puddipuddi/chars/Representation;)Z @ 22
Event: 20.663 Thread 0x00007fbda2810000 Uncommon trap: reason=unstable_if action=reinterpret pc=0x000000010f5105c4 method=org.academiadecodigo.puddipuddi.chars.Representation.isOutsideBorder(II)Z @ 45
Event: 35.334 Thread 0x00007fbda2810000 Uncommon trap: reason=unstable_if action=reinterpret pc=0x000000010f51e16c method=org.academiadecodigo.puddipuddi.chars.Representation.equals(Lorg/academiadecodigo/puddipuddi/chars/Representation;)Z @ 47
Event: 35.334 Thread 0x00007fbda2810000 Uncommon trap: reason=unstable_if action=reinterpret pc=0x000000010f494dd8 method=org.academiadecodigo.puddipuddi.CollisionDetector.checkCollision(Lorg/academiadecodigo/puddipuddi/chars/Character;)V @ 28
Event: 35.337 Thread 0x00007fbda2810000 Uncommon trap: reason=class_check action=maybe_recompile pc=0x000000010f514d34 method=javax.swing.RepaintManager.addDirtyRegion0(Ljava/awt/Container;IIII)V @ 16
Event: 35.381 Thread 0x00007fbda2810000 Uncommon trap: reason=class_check action=maybe_recompile pc=0x000000010f514d34 method=javax.swing.RepaintManager.addDirtyRegion0(Ljava/awt/Container;IIII)V @ 16
Event: 35.427 Thread 0x00007fbda2810000 Uncommon trap: reason=class_check action=maybe_recompile pc=0x000000010f514d34 method=javax.swing.RepaintManager.addDirtyRegion0(Ljava/awt/Container;IIII)V @ 16
Event: 35.474 Thread 0x00007fbda2810000 Uncommon trap: reason=class_check action=maybe_recompile pc=0x000000010f514d34 method=javax.swing.RepaintManager.addDirtyRegion0(Ljava/awt/Container;IIII)V @ 16
Event: 80.629 Thread 0x00007fbda2810000 Uncommon trap: reason=unstable_if action=reinterpret pc=0x000000010f499b70 method=org.academiadecodigo.simplegraphics.pictures.Picture.getWidth()I @ 4
Event: 80.629 Thread 0x00007fbda2810000 Uncommon trap: reason=unstable_if action=reinterpret pc=0x000000010f3f10c4 method=java.lang.Math.round(D)J @ 31

Internal exceptions (10 events):
Event: 3.751 Thread 0x00007fbda2810000 Exception <a 'java/io/FileNotFoundException'> (0x0000000796d234a8) thrown at [/Users/java_re/workspace/8-2-build-macosx-x86_64/jdk8u60/4407/hotspot/src/share/vm/prims/jni.cpp, line 709]
Event: 36.411 Thread 0x00007fbda4059800 Exception <a 'java/lang/NullPointerException'> (0x000000079569b680) thrown at [/Users/java_re/workspace/8-2-build-macosx-x86_64/jdk8u60/4407/hotspot/src/share/vm/interpreter/linkResolver.cpp, line 1178]
Event: 80.628 Thread 0x00007fbda2810000 Exception <a 'java/util/zip/ZipException'> (0x0000000796df3e78) thrown at [/Users/java_re/workspace/8-2-build-macosx-x86_64/jdk8u60/4407/hotspot/src/share/vm/prims/jni.cpp, line 709]
Event: 80.628 Thread 0x00007fbda2810000 Exception <a 'java/util/zip/ZipException'> (0x0000000796df41b0) thrown at [/Users/java_re/workspace/8-2-build-macosx-x86_64/jdk8u60/4407/hotspot/src/share/vm/prims/jni.cpp, line 709]
Event: 80.628 Thread 0x00007fbda2810000 Exception <a 'java/util/zip/ZipException'> (0x0000000796df4468) thrown at [/Users/java_re/workspace/8-2-build-macosx-x86_64/jdk8u60/4407/hotspot/src/share/vm/prims/jni.cpp, line 709]
Event: 80.628 Thread 0x00007fbda2810000 Exception <a 'java/util/zip/ZipException'> (0x0000000796df4720) thrown at [/Users/java_re/workspace/8-2-build-macosx-x86_64/jdk8u60/4407/hotspot/src/share/vm/prims/jni.cpp, line 709]
Event: 80.628 Thread 0x00007fbda2810000 Exception <a 'java/util/zip/ZipException'> (0x0000000796df49c0) thrown at [/Users/java_re/workspace/8-2-build-macosx-x86_64/jdk8u60/4407/hotspot/src/share/vm/prims/jni.cpp, line 709]
Event: 80.628 Thread 0x00007fbda2810000 Implicit null exception at 0x000000010f2914a5 to 0x000000010f2917fe
Event: 80.628 Thread 0x00007fbda2810000 Exception <a 'java/lang/NullPointerException'> (0x0000000796df4d78) thrown at [/Users/java_re/workspace/8-2-build-macosx-x86_64/jdk8u60/4407/hotspot/src/share/vm/runtime/sharedRuntime.cpp, line 605]
Event: 80.629 Thread 0x00007fbda2810000 Implicit null exception at 0x000000010f49935f to 0x000000010f499b49

Events (10 events):
Event: 80.628 loading class java/util/zip/ZipException
Event: 80.628 loading class java/util/zip/ZipException done
Event: 80.628 loading class java/util/zip/DataFormatException
Event: 80.628 loading class java/util/zip/DataFormatException done
Event: 80.629 Thread 0x00007fbda2810000 Uncommon trap: trap_request=0xffffff65 fr.pc=0x000000010f499b70
Event: 80.629 Thread 0x00007fbda2810000 DEOPT PACKING pc=0x000000010f499b70 sp=0x00007000002195e0
Event: 80.629 Thread 0x00007fbda2810000 DEOPT UNPACKING pc=0x000000010f18e229 sp=0x0000700000219548 mode 2
Event: 80.629 Thread 0x00007fbda2810000 Uncommon trap: trap_request=0xffffff65 fr.pc=0x000000010f3f10c4
Event: 80.629 Thread 0x00007fbda2810000 DEOPT PACKING pc=0x000000010f3f10c4 sp=0x0000700000219500
Event: 80.629 Thread 0x00007fbda2810000 DEOPT UNPACKING pc=0x000000010f18e229 sp=0x0000700000219498 mode 2


Dynamic libraries:
0x0000000009304000 	/System/Library/Frameworks/Cocoa.framework/Versions/A/Cocoa
0x0000000009304000 	/System/Library/Frameworks/Security.framework/Versions/A/Security
0x0000000009304000 	/System/Library/Frameworks/ApplicationServices.framework/Versions/A/ApplicationServices
0x0000000009304000 	/usr/lib/libz.1.dylib
0x0000000009304000 	/usr/lib/libSystem.B.dylib
0x0000000009304000 	/usr/lib/libobjc.A.dylib
0x0000000009304000 	/System/Library/Frameworks/CoreFoundation.framework/Versions/A/CoreFoundation
0x0000000009304000 	/System/Library/Frameworks/Foundation.framework/Versions/C/Foundation
0x0000000009304000 	/System/Library/Frameworks/AppKit.framework/Versions/C/AppKit
0x0000000009304000 	/System/Library/Frameworks/CoreData.framework/Versions/A/CoreData
0x0000000009304000 	/System/Library/PrivateFrameworks/RemoteViewServices.framework/Versions/A/RemoteViewServices
0x0000000009304000 	/System/Library/PrivateFrameworks/UIFoundation.framework/Versions/A/UIFoundation
0x0000000009304000 	/usr/lib/libScreenReader.dylib
0x0000000009304000 	/System/Library/Frameworks/Accelerate.framework/Versions/A/Accelerate
0x0000000009304000 	/System/Library/Frameworks/IOSurface.framework/Versions/A/IOSurface
0x0000000009304000 	/System/Library/Frameworks/AudioToolbox.framework/Versions/A/AudioToolbox
0x0000000009304000 	/System/Library/Frameworks/AudioUnit.framework/Versions/A/AudioUnit
0x0000000009304000 	/System/Library/PrivateFrameworks/DataDetectorsCore.framework/Versions/A/DataDetectorsCore
0x0000000009304000 	/System/Library/PrivateFrameworks/DesktopServicesPriv.framework/Versions/A/DesktopServicesPriv
0x0000000009304000 	/System/Library/Frameworks/Carbon.framework/Versions/A/Frameworks/HIToolbox.framework/Versions/A/HIToolbox
0x0000000009304000 	/System/Library/Frameworks/QuartzCore.framework/Versions/A/QuartzCore
0x0000000009304000 	/System/Library/Frameworks/Carbon.framework/Versions/A/Frameworks/SpeechRecognition.framework/Versions/A/SpeechRecognition
0x0000000009304000 	/usr/lib/libauto.dylib
0x0000000009304000 	/usr/lib/libicucore.A.dylib
0x0000000009304000 	/usr/lib/libxml2.2.dylib
0x0000000009304000 	/System/Library/PrivateFrameworks/CoreUI.framework/Versions/A/CoreUI
0x0000000009304000 	/System/Library/Frameworks/CoreAudio.framework/Versions/A/CoreAudio
0x0000000009304000 	/System/Library/Frameworks/DiskArbitration.framework/Versions/A/DiskArbitration
0x0000000009304000 	/usr/lib/liblangid.dylib
0x0000000009304000 	/System/Library/PrivateFrameworks/MultitouchSupport.framework/Versions/A/MultitouchSupport
0x0000000009304000 	/System/Library/Frameworks/IOKit.framework/Versions/A/IOKit
0x0000000009304000 	/usr/lib/libDiagnosticMessagesClient.dylib
0x0000000009304000 	/System/Library/Frameworks/CoreServices.framework/Versions/A/CoreServices
0x0000000009304000 	/System/Library/PrivateFrameworks/PerformanceAnalysis.framework/Versions/A/PerformanceAnalysis
0x0000000009304000 	/System/Library/PrivateFrameworks/GenerationalStorage.framework/Versions/A/GenerationalStorage
0x0000000009304000 	/System/Library/Frameworks/OpenGL.framework/Versions/A/OpenGL
0x0000000009304000 	/System/Library/PrivateFrameworks/Sharing.framework/Versions/A/Sharing
0x0000000009304000 	/System/Library/Frameworks/CoreGraphics.framework/Versions/A/CoreGraphics
0x0000000009304000 	/System/Library/Frameworks/CoreImage.framework/Versions/A/CoreImage
0x0000000009304000 	/System/Library/Frameworks/CoreText.framework/Versions/A/CoreText
0x0000000009304000 	/System/Library/Frameworks/ImageIO.framework/Versions/A/ImageIO
0x0000000009304000 	/System/Library/PrivateFrameworks/Backup.framework/Versions/A/Backup
0x0000000009304000 	/usr/lib/libextension.dylib
0x0000000009304000 	/usr/lib/libarchive.2.dylib
0x0000000009304000 	/System/Library/Frameworks/CFNetwork.framework/Versions/A/CFNetwork
0x0000000009304000 	/System/Library/Frameworks/SystemConfiguration.framework/Versions/A/SystemConfiguration
0x0000000009304000 	/usr/lib/libCRFSuite.dylib
0x0000000009304000 	/usr/lib/libc++.1.dylib
0x0000000009304000 	/usr/lib/libc++abi.dylib
0x0000000009304000 	/usr/lib/system/libcache.dylib
0x0000000009304000 	/usr/lib/system/libcommonCrypto.dylib
0x0000000009304000 	/usr/lib/system/libcompiler_rt.dylib
0x0000000009304000 	/usr/lib/system/libcopyfile.dylib
0x0000000009304000 	/usr/lib/system/libcorecrypto.dylib
0x0000000009304000 	/usr/lib/system/libdispatch.dylib
0x0000000009304000 	/usr/lib/system/libdyld.dylib
0x0000000009304000 	/usr/lib/system/libkeymgr.dylib
0x0000000009304000 	/usr/lib/system/liblaunch.dylib
0x0000000009304000 	/usr/lib/system/libmacho.dylib
0x0000000009304000 	/usr/lib/system/libquarantine.dylib
0x0000000009304000 	/usr/lib/system/libremovefile.dylib
0x0000000009304000 	/usr/lib/system/libsystem_asl.dylib
0x0000000009304000 	/usr/lib/system/libsystem_blocks.dylib
0x0000000009304000 	/usr/lib/system/libsystem_c.dylib
0x0000000009304000 	/usr/lib/system/libsystem_configuration.dylib
0x0000000009304000 	/usr/lib/system/libsystem_coreservices.dylib
0x0000000009304000 	/usr/lib/system/libsystem_coretls.dylib
0x0000000009304000 	/usr/lib/system/libsystem_dnssd.dylib
0x0000000009304000 	/usr/lib/system/libsystem_info.dylib
0x0000000009304000 	/usr/lib/system/libsystem_kernel.dylib
0x0000000009304000 	/usr/lib/system/libsystem_m.dylib
0x0000000009304000 	/usr/lib/system/libsystem_malloc.dylib
0x0000000009304000 	/usr/lib/system/libsystem_network.dylib
0x0000000009304000 	/usr/lib/system/libsystem_networkextension.dylib
0x0000000009304000 	/usr/lib/system/libsystem_notify.dylib
0x0000000009304000 	/usr/lib/system/libsystem_platform.dylib
0x0000000009304000 	/usr/lib/system/libsystem_pthread.dylib
0x0000000009304000 	/usr/lib/system/libsystem_sandbox.dylib
0x0000000009304000 	/usr/lib/system/libsystem_secinit.dylib
0x0000000009304000 	/usr/lib/system/libsystem_trace.dylib
0x0000000009304000 	/usr/lib/system/libunc.dylib
0x0000000009304000 	/usr/lib/system/libunwind.dylib
0x0000000009304000 	/usr/lib/system/libxpc.dylib
0x0000000009304000 	/usr/lib/libenergytrace.dylib
0x0000000009304000 	/usr/lib/libbsm.0.dylib
0x0000000009304000 	/usr/lib/system/libkxld.dylib
0x0000000009304000 	/usr/lib/libxar.1.dylib
0x0000000009304000 	/usr/lib/libsqlite3.dylib
0x0000000009304000 	/usr/lib/libpam.2.dylib
0x0000000009304000 	/usr/lib/libOpenScriptingUtil.dylib
0x0000000009304000 	/usr/lib/libbz2.1.0.dylib
0x0000000009304000 	/usr/lib/liblzma.5.dylib
0x0000000009304000 	/System/Library/Frameworks/CoreServices.framework/Versions/A/Frameworks/FSEvents.framework/Versions/A/FSEvents
0x0000000009304000 	/System/Library/Frameworks/CoreServices.framework/Versions/A/Frameworks/CarbonCore.framework/Versions/A/CarbonCore
0x0000000009304000 	/System/Library/Frameworks/CoreServices.framework/Versions/A/Frameworks/Metadata.framework/Versions/A/Metadata
0x0000000009304000 	/System/Library/Frameworks/CoreServices.framework/Versions/A/Frameworks/OSServices.framework/Versions/A/OSServices
0x0000000009304000 	/System/Library/Frameworks/CoreServices.framework/Versions/A/Frameworks/SearchKit.framework/Versions/A/SearchKit
0x0000000009304000 	/System/Library/Frameworks/CoreServices.framework/Versions/A/Frameworks/AE.framework/Versions/A/AE
0x0000000009304000 	/System/Library/Frameworks/CoreServices.framework/Versions/A/Frameworks/LaunchServices.framework/Versions/A/LaunchServices
0x0000000009304000 	/System/Library/Frameworks/CoreServices.framework/Versions/A/Frameworks/DictionaryServices.framework/Versions/A/DictionaryServices
0x0000000009304000 	/System/Library/Frameworks/CoreServices.framework/Versions/A/Frameworks/SharedFileList.framework/Versions/A/SharedFileList
0x0000000009304000 	/System/Library/Frameworks/NetFS.framework/Versions/A/NetFS
0x0000000009304000 	/System/Library/PrivateFrameworks/NetAuth.framework/Versions/A/NetAuth
0x0000000009304000 	/System/Library/PrivateFrameworks/login.framework/Versions/A/Frameworks/loginsupport.framework/Versions/A/loginsupport
0x0000000009304000 	/System/Library/PrivateFrameworks/TCC.framework/Versions/A/TCC
0x0000000009304000 	/usr/lib/libmecabra.dylib
0x0000000009304000 	/System/Library/Frameworks/ApplicationServices.framework/Versions/A/Frameworks/ATS.framework/Versions/A/ATS
0x0000000009304000 	/System/Library/Frameworks/ApplicationServices.framework/Versions/A/Frameworks/ColorSync.framework/Versions/A/ColorSync
0x0000000009304000 	/System/Library/Frameworks/ApplicationServices.framework/Versions/A/Frameworks/HIServices.framework/Versions/A/HIServices
0x0000000009304000 	/System/Library/Frameworks/ApplicationServices.framework/Versions/A/Frameworks/LangAnalysis.framework/Versions/A/LangAnalysis
0x0000000009304000 	/System/Library/Frameworks/ApplicationServices.framework/Versions/A/Frameworks/PrintCore.framework/Versions/A/PrintCore
0x0000000009304000 	/System/Library/Frameworks/ApplicationServices.framework/Versions/A/Frameworks/QD.framework/Versions/A/QD
0x0000000009304000 	/System/Library/Frameworks/ApplicationServices.framework/Versions/A/Frameworks/SpeechSynthesis.framework/Versions/A/SpeechSynthesis
0x0000000009304000 	/System/Library/Frameworks/Metal.framework/Versions/A/Metal
0x0000000009304000 	/System/Library/Frameworks/Accelerate.framework/Versions/A/Frameworks/vImage.framework/Versions/A/vImage
0x0000000009304000 	/System/Library/Frameworks/Accelerate.framework/Versions/A/Frameworks/vecLib.framework/Versions/A/vecLib
0x0000000009304000 	/System/Library/Frameworks/Accelerate.framework/Versions/A/Frameworks/vecLib.framework/Versions/A/libvDSP.dylib
0x0000000009304000 	/System/Library/Frameworks/Accelerate.framework/Versions/A/Frameworks/vecLib.framework/Versions/A/libvMisc.dylib
0x0000000009304000 	/System/Library/Frameworks/Accelerate.framework/Versions/A/Frameworks/vecLib.framework/Versions/A/libLAPACK.dylib
0x0000000009304000 	/System/Library/Frameworks/Accelerate.framework/Versions/A/Frameworks/vecLib.framework/Versions/A/libBLAS.dylib
0x0000000009304000 	/System/Library/Frameworks/Accelerate.framework/Versions/A/Frameworks/vecLib.framework/Versions/A/libLinearAlgebra.dylib
0x0000000009304000 	/System/Library/Frameworks/Accelerate.framework/Versions/A/Frameworks/vecLib.framework/Versions/A/libSparseBLAS.dylib
0x0000000009304000 	/System/Library/PrivateFrameworks/GPUCompiler.framework/libmetal_timestamp.dylib
0x0000000009304000 	/System/Library/Frameworks/OpenGL.framework/Versions/A/Libraries/libCoreFSCache.dylib
0x0000000009304000 	/System/Library/PrivateFrameworks/IOAccelerator.framework/Versions/A/IOAccelerator
0x0000000009304000 	/System/Library/Frameworks/ApplicationServices.framework/Versions/A/Frameworks/ATS.framework/Versions/A/Resources/libFontParser.dylib
0x0000000009304000 	/System/Library/Frameworks/ApplicationServices.framework/Versions/A/Frameworks/ATS.framework/Versions/A/Resources/libFontRegistry.dylib
0x0000000009304000 	/System/Library/PrivateFrameworks/AppleVPA.framework/Versions/A/AppleVPA
0x0000000009304000 	/System/Library/PrivateFrameworks/AppleJPEG.framework/Versions/A/AppleJPEG
0x0000000009304000 	/System/Library/Frameworks/ImageIO.framework/Versions/A/Resources/libJPEG.dylib
0x0000000009304000 	/System/Library/Frameworks/ImageIO.framework/Versions/A/Resources/libTIFF.dylib
0x0000000009304000 	/System/Library/Frameworks/ImageIO.framework/Versions/A/Resources/libPng.dylib
0x0000000009304000 	/System/Library/Frameworks/ImageIO.framework/Versions/A/Resources/libGIF.dylib
0x0000000009304000 	/System/Library/Frameworks/ImageIO.framework/Versions/A/Resources/libJP2.dylib
0x0000000009304000 	/System/Library/Frameworks/ImageIO.framework/Versions/A/Resources/libRadiance.dylib
0x0000000009304000 	/System/Library/Frameworks/CoreVideo.framework/Versions/A/CoreVideo
0x0000000009304000 	/System/Library/Frameworks/OpenGL.framework/Versions/A/Libraries/libGLU.dylib
0x0000000009304000 	/System/Library/Frameworks/OpenGL.framework/Versions/A/Libraries/libGFXShared.dylib
0x0000000009304000 	/System/Library/Frameworks/OpenGL.framework/Versions/A/Libraries/libGL.dylib
0x0000000009304000 	/System/Library/Frameworks/OpenGL.framework/Versions/A/Libraries/libGLImage.dylib
0x0000000009304000 	/System/Library/Frameworks/OpenGL.framework/Versions/A/Libraries/libCVMSPluginSupport.dylib
0x0000000009304000 	/System/Library/Frameworks/OpenGL.framework/Versions/A/Libraries/libCoreVMClient.dylib
0x0000000009304000 	/usr/lib/libcups.2.dylib
0x0000000009304000 	/System/Library/Frameworks/Kerberos.framework/Versions/A/Kerberos
0x0000000009304000 	/System/Library/Frameworks/GSS.framework/Versions/A/GSS
0x0000000009304000 	/usr/lib/libresolv.9.dylib
0x0000000009304000 	/usr/lib/libiconv.2.dylib
0x0000000009304000 	/System/Library/PrivateFrameworks/Heimdal.framework/Versions/A/Heimdal
0x0000000009304000 	/usr/lib/libheimdal-asn1.dylib
0x0000000009304000 	/System/Library/Frameworks/OpenDirectory.framework/Versions/A/OpenDirectory
0x0000000009304000 	/System/Library/PrivateFrameworks/CommonAuth.framework/Versions/A/CommonAuth
0x0000000009304000 	/System/Library/Frameworks/OpenDirectory.framework/Versions/A/Frameworks/CFOpenDirectory.framework/Versions/A/CFOpenDirectory
0x0000000009304000 	/System/Library/Frameworks/SecurityFoundation.framework/Versions/A/SecurityFoundation
0x0000000009304000 	/System/Library/PrivateFrameworks/LanguageModeling.framework/Versions/A/LanguageModeling
0x0000000009304000 	/usr/lib/libmarisa.dylib
0x0000000009304000 	/usr/lib/libChineseTokenizer.dylib
0x0000000009304000 	/usr/lib/libcmph.dylib
0x0000000009304000 	/usr/lib/libcompression.dylib
0x0000000009304000 	/System/Library/Frameworks/ServiceManagement.framework/Versions/A/ServiceManagement
0x0000000009304000 	/usr/lib/libxslt.1.dylib
0x0000000009304000 	/System/Library/Frameworks/Carbon.framework/Versions/A/Frameworks/Ink.framework/Versions/A/Ink
0x0000000009304000 	/usr/lib/libFosl_dynamic.dylib
0x0000000009304000 	/System/Library/PrivateFrameworks/FaceCore.framework/Versions/A/FaceCore
0x0000000009304000 	/System/Library/Frameworks/OpenCL.framework/Versions/A/OpenCL
0x0000000009304000 	/System/Library/PrivateFrameworks/CrashReporterSupport.framework/Versions/A/CrashReporterSupport
0x0000000009304000 	/System/Library/PrivateFrameworks/IconServices.framework/Versions/A/IconServices
0x0000000009304000 	/System/Library/PrivateFrameworks/Apple80211.framework/Versions/A/Apple80211
0x0000000009304000 	/System/Library/Frameworks/CoreWLAN.framework/Versions/A/CoreWLAN
0x0000000009304000 	/System/Library/Frameworks/IOBluetooth.framework/Versions/A/IOBluetooth
0x0000000009304000 	/System/Library/PrivateFrameworks/CoreWiFi.framework/Versions/A/CoreWiFi
0x0000000009304000 	/System/Library/Frameworks/CoreBluetooth.framework/Versions/A/CoreBluetooth
0x0000000009304000 	/System/Library/PrivateFrameworks/ChunkingLibrary.framework/Versions/A/ChunkingLibrary
0x0000000009304000 	/System/Library/PrivateFrameworks/DebugSymbols.framework/Versions/A/DebugSymbols
0x0000000009304000 	/System/Library/PrivateFrameworks/CoreSymbolication.framework/Versions/A/CoreSymbolication
0x0000000009304000 	/System/Library/PrivateFrameworks/Symbolication.framework/Versions/A/Symbolication
0x0000000009304000 	/System/Library/PrivateFrameworks/SpeechRecognitionCore.framework/Versions/A/SpeechRecognitionCore
0x000000010e200000 	/Library/Java/JavaVirtualMachines/jdk1.8.0_60.jdk/Contents/Home/jre/lib/server/libjvm.dylib
0x0000000009304000 	/usr/lib/libstdc++.6.dylib
0x000000010d8e8000 	/Library/Java/JavaVirtualMachines/jdk1.8.0_60.jdk/Contents/Home/jre/lib/libverify.dylib
0x000000010d8f6000 	/Library/Java/JavaVirtualMachines/jdk1.8.0_60.jdk/Contents/Home/jre/lib/libjava.dylib
0x000000010d935000 	/Library/Java/JavaVirtualMachines/jdk1.8.0_60.jdk/Contents/Home/jre/lib/libzip.dylib
0x000000010d9e1000 	/System/Library/Frameworks/JavaVM.framework/Frameworks/JavaRuntimeSupport.framework/JavaRuntimeSupport
0x0000000124a20000 	/System/Library/Frameworks/JavaVM.framework/Versions/A/Frameworks/JavaNativeFoundation.framework/Versions/A/JavaNativeFoundation
0x0000000124a35000 	/System/Library/Frameworks/JavaVM.framework/Versions/A/JavaVM
0x0000000009304000 	/System/Library/Frameworks/Carbon.framework/Versions/A/Carbon
0x0000000124a42000 	/System/Library/PrivateFrameworks/JavaLaunching.framework/Versions/A/JavaLaunching
0x0000000009304000 	/System/Library/Frameworks/Carbon.framework/Versions/A/Frameworks/CommonPanels.framework/Versions/A/CommonPanels
0x0000000009304000 	/System/Library/Frameworks/Carbon.framework/Versions/A/Frameworks/Help.framework/Versions/A/Help
0x0000000009304000 	/System/Library/Frameworks/Carbon.framework/Versions/A/Frameworks/ImageCapture.framework/Versions/A/ImageCapture
0x0000000009304000 	/System/Library/Frameworks/Carbon.framework/Versions/A/Frameworks/OpenScripting.framework/Versions/A/OpenScripting
0x0000000009304000 	/System/Library/Frameworks/Carbon.framework/Versions/A/Frameworks/Print.framework/Versions/A/Print
0x0000000009304000 	/System/Library/Frameworks/Carbon.framework/Versions/A/Frameworks/SecurityHI.framework/Versions/A/SecurityHI
0x0000000126368000 	/Library/Java/JavaVirtualMachines/jdk1.8.0_60.jdk/Contents/Home/jre/lib/libawt.dylib
0x0000000126410000 	/Library/Java/JavaVirtualMachines/jdk1.8.0_60.jdk/Contents/Home/jre/lib/./libmlib_image.dylib
0x00000001264dc000 	/Library/Java/JavaVirtualMachines/jdk1.8.0_60.jdk/Contents/Home/jre/lib/libawt_lwawt.dylib
0x0000000126591000 	/Library/Java/JavaVirtualMachines/jdk1.8.0_60.jdk/Contents/Home/jre/lib/./libosxapp.dylib
0x0000000009304000 	/System/Library/Frameworks/ExceptionHandling.framework/Versions/A/ExceptionHandling
0x0000000009304000 	/System/Library/PrivateFrameworks/CoreServicesInternal.framework/Versions/A/CoreServicesInternal
0x0000000009304000 	/System/Library/Frameworks/CoreGraphics.framework/Versions/A/Resources/libRIP.A.dylib
0x0000000009304000 	/System/Library/Frameworks/Accelerate.framework/Versions/A/Frameworks/vImage.framework/Versions/A/Libraries/libCGInterfaces.dylib
0x0000000009304000 	/System/Library/Frameworks/CoreGraphics.framework/Versions/A/Resources/libCGXType.A.dylib
0x0000000009304000 	/System/Library/Frameworks/OpenCL.framework/Versions/A/Libraries/libcldcpuengine.dylib
0x0000000009304000 	/System/Library/PrivateFrameworks/DiskImages.framework/Versions/A/DiskImages
0x0000000009304000 	/System/Library/Frameworks/DiscRecording.framework/Versions/A/DiscRecording
0x0000000009304000 	/usr/lib/libcsfde.dylib
0x0000000009304000 	/usr/lib/libcurl.4.dylib
0x0000000009304000 	/System/Library/PrivateFrameworks/MediaKit.framework/Versions/A/MediaKit
0x0000000009304000 	/System/Library/PrivateFrameworks/ProtectedCloudStorage.framework/Versions/A/ProtectedCloudStorage
0x0000000009304000 	/usr/lib/libCoreStorage.dylib
0x0000000009304000 	/System/Library/PrivateFrameworks/EFILogin.framework/Versions/A/EFILogin
0x0000000009304000 	/usr/lib/libutil.dylib
0x0000000009304000 	/System/Library/PrivateFrameworks/FindMyDevice.framework/Versions/A/FindMyDevice
0x0000000009304000 	/System/Library/Frameworks/LDAP.framework/Versions/A/LDAP
0x0000000009304000 	/usr/lib/libsasl2.2.dylib
0x0000000009304000 	/System/Library/PrivateFrameworks/CoreDaemon.framework/Versions/B/CoreDaemon
0x0000000009304000 	/usr/lib/libcrypto.0.9.8.dylib
0x0000000009304000 	/System/Library/PrivateFrameworks/AppleSRP.framework/Versions/A/AppleSRP
0x0000000009304000 	/System/Library/PrivateFrameworks/TrustEvaluationAgent.framework/Versions/A/TrustEvaluationAgent
0x0000000127d15000 	cl_kernels
0x0000000009304000 	/System/Library/Frameworks/OpenCL.framework/Versions/A/Libraries/ImageFormats/unorm8_bgra.dylib
0x0000000009304000 	/System/Library/Frameworks/OpenCL.framework/Versions/A/Libraries/ImageFormats/unorm8_rgba.dylib
0x0000000009304000 	/System/Library/PrivateFrameworks/FamilyControls.framework/Versions/A/FamilyControls
0x0000000009304000 	/System/Library/PrivateFrameworks/CommerceKit.framework/Versions/A/Frameworks/CommerceCore.framework/Versions/A/CommerceCore
0x0000000009304000 	/System/Library/PrivateFrameworks/SystemAdministration.framework/Versions/A/SystemAdministration
0x0000000009304000 	/System/Library/PrivateFrameworks/AppContainer.framework/Versions/A/AppContainer
0x0000000009304000 	/System/Library/PrivateFrameworks/SecCodeWrapper.framework/Versions/A/SecCodeWrapper
0x0000000009304000 	/System/Library/Frameworks/DirectoryService.framework/Versions/A/DirectoryService
0x0000000009304000 	/System/Library/PrivateFrameworks/LoginUIKit.framework/Versions/A/Frameworks/LoginUICore.framework/Versions/A/LoginUICore
0x0000000009304000 	/usr/lib/libodfde.dylib
0x0000000128d67000 	/Library/Java/JavaVirtualMachines/jdk1.8.0_60.jdk/Contents/Home/jre/lib/libfontmanager.dylib
0x00000001271e2000 	/Library/Java/JavaVirtualMachines/jdk1.8.0_60.jdk/Contents/Home/jre/lib/libosxui.dylib
0x0000000009304000 	/System/Library/Frameworks/OpenGL.framework/Versions/A/Resources/GLEngine.bundle/GLEngine
0x0000000009304000 	/System/Library/Frameworks/OpenGL.framework/Versions/A/Libraries/libGLProgrammability.dylib
0x0000000129820000 	/System/Library/Extensions/AppleIntelHD5000GraphicsGLDriver.bundle/Contents/MacOS/AppleIntelHD5000GraphicsGLDriver
0x0000000009304000 	/System/Library/PrivateFrameworks/GPUSupport.framework/Versions/A/Libraries/libGPUSupportMercury.dylib
0x0000000009304000 	/System/Library/Frameworks/OpenGL.framework/Versions/A/Resources/GLRendererFloat.bundle/GLRendererFloat
0x000000012a7bf000 	/Library/Java/JavaVirtualMachines/jdk1.8.0_60.jdk/Contents/Home/jre/lib/libnio.dylib
0x000000012a7cf000 	/Library/Java/JavaVirtualMachines/jdk1.8.0_60.jdk/Contents/Home/jre/lib/./libnet.dylib
0x000000012bc85000 	/System/Library/Extensions/AppleIntelHD5000GraphicsMTLDriver.bundle/Contents/MacOS/AppleIntelHD5000GraphicsMTLDriver
0x0000000009304000 	/System/Library/Frameworks/ApplicationServices.framework/Versions/A/Frameworks/ATS.framework/Versions/A/Resources/libTrueTypeScaler.dylib

VM Arguments:
java_command: puddipuddi.jar
java_class_path (initial): puddipuddi.jar
Launcher Type: SUN_STANDARD

Environment Variables:
PATH=/usr/local/rvm/gems/ruby-2.2.3/bin:/usr/local/rvm/gems/ruby-2.2.3@global/bin:/usr/local/rvm/rubies/ruby-2.2.3/bin:/usr/local/bin:/usr/bin:/bin:/usr/sbin:/sbin:/opt/X11/bin:/usr/local/rvm/bin
SHELL=/bin/bash
DISPLAY=/private/tmp/com.apple.launchd.otKxG01VSG/org.macosforge.xquartz:0

Signal Handlers:
SIGSEGV: [libjvm.dylib+0x5a6d31], sa_mask[0]=11111111011111110111111111111111, sa_flags=SA_ONSTACK|SA_RESTART|SA_SIGINFO
SIGBUS: [libjvm.dylib+0x5a6d31], sa_mask[0]=11111111011111110111111111111111, sa_flags=SA_RESTART|SA_SIGINFO
SIGFPE: [libjvm.dylib+0x480a4c], sa_mask[0]=11111111011111110111111111111111, sa_flags=SA_RESTART|SA_SIGINFO
SIGPIPE: [libjvm.dylib+0x480a4c], sa_mask[0]=11111111011111110111111111111111, sa_flags=SA_RESTART|SA_SIGINFO
SIGXFSZ: [libjvm.dylib+0x480a4c], sa_mask[0]=11111111011111110111111111111111, sa_flags=SA_RESTART|SA_SIGINFO
SIGILL: [libjvm.dylib+0x480a4c], sa_mask[0]=11111111011111110111111111111111, sa_flags=SA_RESTART|SA_SIGINFO
SIGUSR1: SIG_DFL, sa_mask[0]=11011111011111100000000111000110, sa_flags=none
SIGUSR2: [libjvm.dylib+0x48056a], sa_mask[0]=00000000000000000000000000000000, sa_flags=SA_RESTART|SA_SIGINFO
SIGHUP: [libjvm.dylib+0x47eb41], sa_mask[0]=11111111011111110111111111111111, sa_flags=SA_RESTART|SA_SIGINFO
SIGINT: [libjvm.dylib+0x47eb41], sa_mask[0]=11111111011111110111111111111111, sa_flags=SA_RESTART|SA_SIGINFO
SIGTERM: [libjvm.dylib+0x47eb41], sa_mask[0]=11111111011111110111111111111111, sa_flags=SA_RESTART|SA_SIGINFO
SIGQUIT: [libjvm.dylib+0x47eb41], sa_mask[0]=11111111011111110111111111111111, sa_flags=SA_RESTART|SA_SIGINFO


---------------  S Y S T E M  ---------------

OS:Bsduname:Darwin 15.2.0 Darwin Kernel Version 15.2.0: Fri Nov 13 19:56:56 PST 2015; root:xnu-3248.20.55~2/RELEASE_X86_64 x86_64
rlimit: STACK 8192k, CORE 0k, NPROC 709, NOFILE 10240, AS infinity
load average:2.03 1.83 1.74

CPU:total 4 (2 cores per cpu, 2 threads per core) family 6 model 69 stepping 1, cmov, cx8, fxsr, mmx, sse, sse2, sse3, ssse3, sse4.1, sse4.2, popcnt, avx, avx2, aes, clmul, erms, lzcnt, ht, tsc, tscinvbit, bmi1, bmi2

Memory: 4k page, physical 8388608k(27732k free)

/proc/meminfo:


vm_info: Java HotSpot(TM) 64-Bit Server VM (25.60-b23) for bsd-amd64 JRE (1.8.0_60-b27), built on Aug  4 2015 10:47:24 by "java_re" with gcc 4.2.1 (Based on Apple Inc. build 5658) (LLVM build 2336.11.00)

time: Mon Feb 15 17:55:35 2016
elapsed time: 80 seconds (0d 0h 1m 20s)

